Flutter-App/build/app/intermediates/manifest_merge_blame_file/debug/manifest-merger-blame-debug-report.txt
1<?xml version="1.0" encoding="utf-8"?>
2<manifest xmlns:android="http://schemas.android.com/apk/res/android"
3    package="com.example.flutterapp"
4    android:versionCode="1"
5    android:versionName="1.0.0" >
6
7    <uses-sdk
8        android:minSdkVersion="21"
9        android:targetSdkVersion="28" />
10    <!--
11         Flutter needs it to communicate with the running application
12         to allow setting breakpoints, to provide hot reload, etc.
13    -->
14    <uses-permission android:name="android.permission.INTERNET" />
14-->src\main\AndroidManifest.xml:10:5-66
14-->src\main\AndroidManifest.xml:10:22-64
15    <!--
16     io.flutter.app.FlutterApplication is an android.app.Application that
17         calls FlutterMain.startInitialization(this); in its onCreate method.
18         In most cases you can leave this as-is, but you if you want to provide
19         additional functionality it is fine to subclass or reimplement
20         FlutterApplication and put your custom class here.
21    -->
22    <uses-permission android:name="android.permission.RECORD_AUDIO" />
22-->src\main\AndroidManifest.xml:9:5-70
22-->src\main\AndroidManifest.xml:9:22-68
23
24    <application
24-->src\main\AndroidManifest.xml:12:5-39:19
25        android:name="io.flutter.app.FlutterApplication"
25-->src\main\AndroidManifest.xml:13:9-57
26        android:appComponentFactory="androidx.core.app.CoreComponentFactory"
26-->[androidx.core:core:1.1.0] AndroidManifest.xml:24:18-86
27        android:debuggable="true"
28        android:icon="@mipmap/ic_launcher"
28-->src\main\AndroidManifest.xml:15:9-43
29        android:label="flutterapp" >
29-->src\main\AndroidManifest.xml:14:9-35
30        <activity
30-->src\main\AndroidManifest.xml:17:9-30:20
31            android:name="com.example.flutterapp.MainActivity"
31-->src\main\AndroidManifest.xml:18:13-40
32            android:configChanges="orientation|keyboardHidden|keyboard|screenSize|smallestScreenSize|locale|layoutDirection|fontScale|screenLayout|density|uiMode"
32-->src\main\AndroidManifest.xml:23:13-163
33            android:exported="true"
33-->src\main\AndroidManifest.xml:20:13-36
34            android:hardwareAccelerated="true"
34-->src\main\AndroidManifest.xml:24:13-47
35            android:label="MainActivityLabel"
35-->src\main\AndroidManifest.xml:19:13-46
36            android:launchMode="singleTask"
36-->src\main\AndroidManifest.xml:21:13-44
37            android:theme="@style/LaunchTheme"
37-->src\main\AndroidManifest.xml:22:13-47
38            android:windowSoftInputMode="adjustResize" >
38-->src\main\AndroidManifest.xml:25:13-55
39            <intent-filter>
39-->src\main\AndroidManifest.xml:26:13-29:29
40                <action android:name="android.intent.action.MAIN" />
40-->src\main\AndroidManifest.xml:27:17-68
40-->src\main\AndroidManifest.xml:27:25-66
41
42                <category android:name="android.intent.category.LAUNCHER" />
42-->src\main\AndroidManifest.xml:28:17-76
42-->src\main\AndroidManifest.xml:28:27-74
43            </intent-filter>
44        </activity>
45
46        <!--
47             Don't delete the meta-data below.
48             This is used by the Flutter tool to generate GeneratedPluginRegistrant.java
49        -->
50        <meta-data
50-->src\main\AndroidManifest.xml:35:9-37:33
51            android:name="flutterEmbedding"
51-->src\main\AndroidManifest.xml:36:13-44
52            android:value="2" />
52-->src\main\AndroidManifest.xml:37:13-30
53
54        <activity
54-->[:url_launcher] AndroidManifest.xml:8:9-11:74
55            android:name="io.flutter.plugins.urllauncher.WebViewActivity"
55-->[:url_launcher] AndroidManifest.xml:9:13-74
56            android:exported="false"
56-->[:url_launcher] AndroidManifest.xml:10:13-37
57            android:theme="@android:style/Theme.NoTitleBar.Fullscreen" />
57-->[:url_launcher] AndroidManifest.xml:11:13-71
58        <activity android:name="clancey.simpleauth.simpleauthflutter.WebAuthenticatorActivity" >
58-->[:simple_auth_flutter] AndroidManifest.xml:8:9-9:20
58-->[:simple_auth_flutter] AndroidManifest.xml:8:19-95
59        </activity>
60    </application>
61
62</manifest>